#
# There is insufficient memory for the Java Runtime Environment to continue.
# Native memory allocation (mmap) failed to map 2031616 bytes for G1 virtual space
# Possible reasons:
#   The system is out of physical RAM or swap space
#   The process is running with CompressedOops enabled, and the Java Heap may be blocking the growth of the native heap
# Possible solutions:
#   Reduce memory load on the system
#   Increase physical memory or swap space
#   Check if swap backing store is full
#   Decrease Java heap size (-Xmx/-Xms)
#   Decrease number of Java threads
#   Decrease Java thread stack sizes (-Xss)
#   Set larger code cache with -XX:ReservedCodeCacheSize=
#   JVM is running with Unscaled Compressed Oops mode in which the Java heap is
#     placed in the first 4GB address space. The Java Heap base address is the
#     maximum limit for the native heap growth. Please use -XX:HeapBaseMinAddress
#     to set the Java Heap base and to place the Java Heap above 4GB virtual address.
# This output file may be truncated or incomplete.
#
#  Out of Memory Error (./open/src/hotspot/os/windows/os_windows.cpp:3321), pid=4468, tid=13064
#
# JRE version:  (15.0.2+7) (build )
# Java VM: OpenJDK 64-Bit Server VM (15.0.2+7-27, mixed mode, sharing, tiered, compressed oops, g1 gc, windows-amd64)
# No core dump will be written. Minidumps are not enabled by default on client versions of Windows
#

---------------  S U M M A R Y ------------

Command Line: -Dcom.sun.management.jmxremote -Dcom.sun.management.jmxremote.port=61604 -Dcom.sun.management.jmxremote.authenticate=false -Dcom.sun.management.jmxremote.ssl=false -Djava.rmi.server.hostname=localhost -Dspring.jmx.enabled=true -Dspring.application.admin.enabled=true -XX:TieredStopAtLevel=1 -Dspring.boot.project.name=dsvendas -Dfile.encoding=UTF-8 -XX:+ShowCodeDetailsInExceptionMessages com.devsuperior.dsvendas.DsvendasApplication --spring.output.ansi.enabled=always

Host: Intel(R) Core(TM) i7-6500U CPU @ 2.50GHz, 4 cores, 7G,  Windows 10 , 64 bit Build 19041 (10.0.19041.804)
Time: Sun May  9 06:09:38 2021 Hora oficial do Brasil elapsed time: 0.067209 seconds (0d 0h 0m 0s)

---------------  T H R E A D  ---------------

Current thread (0x000001fb7fa1b080):  JavaThread "Unknown thread" [_thread_in_vm, id=13064, stack(0x0000003551f00000,0x0000003552000000)]

Stack: [0x0000003551f00000,0x0000003552000000]
Native frames: (J=compiled Java code, j=interpreted, Vv=VM code, C=native code)
V  [jvm.dll+0x62ae9a]
V  [jvm.dll+0x7817a9]
V  [jvm.dll+0x782f03]
V  [jvm.dll+0x783563]
V  [jvm.dll+0x216325]
V  [jvm.dll+0x6281d9]
V  [jvm.dll+0x61cf55]
V  [jvm.dll+0x2cffdd]
V  [jvm.dll+0x2cfe42]
V  [jvm.dll+0x2d5e1c]
V  [jvm.dll+0x32591d]
V  [jvm.dll+0x324fd4]
V  [jvm.dll+0x2a6f5a]
V  [jvm.dll+0x2a80f8]
V  [jvm.dll+0x75e241]
V  [jvm.dll+0x3341c4]
V  [jvm.dll+0x73e926]
V  [jvm.dll+0x3b7557]
V  [jvm.dll+0x3b8fe1]
C  [jli.dll+0x52fb]
C  [ucrtbase.dll+0x21bb2]
C  [KERNEL32.DLL+0x17034]
C  [ntdll.dll+0x4d241]


---------------  P R O C E S S  ---------------

Threads class SMR info:
_java_thread_list=0x00007ffa64f74ff0, length=0, elements={
}

Java Threads: ( => current thread )

Other Threads:
  0x000001fb7fa5a850 GCTaskThread "GC Thread#0" [stack: 0x0000003552000000,0x0000003552100000] [id=10412]
  0x000001fb7fa6c100 ConcurrentGCThread "G1 Main Marker" [stack: 0x0000003552100000,0x0000003552200000] [id=4476]
  0x000001fb7fa6cc80 ConcurrentGCThread "G1 Conc#0" [stack: 0x0000003552200000,0x0000003552300000] [id=17580]

[error occurred during error reporting (printing all threads), id 0xc0000005, EXCEPTION_ACCESS_VIOLATION (0xc0000005) at pc=0x00007ffa64767e27]

VM state: not at safepoint (not fully initialized)

VM Mutex/Monitor currently owned by a thread:  ([mutex/lock_event])
[0x000001fb7fa16790] Heap_lock - owner thread: 0x000001fb7fa1b080

Heap address: 0x0000000084a00000, size: 1974 MB, Compressed Oops mode: 32-bit
CDS archive(s) mapped at: [0x0000000000000000-0x0000000000000000-0x0000000000000000), size 0, SharedBaseAddress: 0x0000000800000000, ArchiveRelocationMode: 0.
Narrow klass base: 0x0000000000000000, Narrow klass shift: 0, Narrow klass range: 0x0

Heap:
 garbage-first heap   total 126976K, used 0K [0x0000000084a00000, 0x0000000100000000)
  region size 1024K, 0 young (0K), 0 survivors (0K)
 Metaspace       used 0K, capacity 0K, committed 0K, reserved 0K
  class space    used 0K, capacity 0K, committed 0K, reserved 0K

Heap Regions: E=young(eden), S=young(survivor), O=old, HS=humongous(starts), HC=humongous(continues), CS=collection set, F=free, OA=open archive, CA=closed archive, TAMS=top-at-mark-start (previous, next)

Card table byte_map: [0x000001fb14240000,0x000001fb14620000] _byte_map_base: 0x000001fb13e1b000

Marking Bits (Prev, Next): (CMBitMap*) 0x000001fb7fa5bfe0, (CMBitMap*) 0x000001fb7fa5c020
 Prev Bits: [0x000001fb14a00000, 0x000001fb168d8000)
 Next Bits: [0x000001fb168e0000, 0x000001fb187b8000)

GC Heap History (0 events):
No events

Deoptimization events (0 events):
No events

Classes unloaded (0 events):
No events

Classes redefined (0 events):
No events

Internal exceptions (0 events):
No events

Events (1 events):
Event: 0.018 Loaded shared library D:\sts-4.10.0.RELEASE\plugins\org.eclipse.justj.openjdk.hotspot.jre.full.win32.x86_64_15.0.2.v20210201-0955\jre\bin\java.dll


Dynamic libraries:
0x00007ff7ece40000 - 0x00007ff7ece4d000 	D:\sts-4.10.0.RELEASE\plugins\org.eclipse.justj.openjdk.hotspot.jre.full.win32.x86_64_15.0.2.v20210201-0955\jre\bin\javaw.exe
0x00007ffa9c590000 - 0x00007ffa9c786000 	C:\WINDOWS\SYSTEM32\ntdll.dll
0x00007ffa9be60000 - 0x00007ffa9bf1d000 	C:\WINDOWS\System32\KERNEL32.DLL
0x00007ffa9a1c0000 - 0x00007ffa9a489000 	C:\WINDOWS\System32\KERNELBASE.dll
0x00007ffa99d80000 - 0x00007ffa99e80000 	C:\WINDOWS\System32\ucrtbase.dll
0x00007ffa93a80000 - 0x00007ffa93a98000 	D:\sts-4.10.0.RELEASE\plugins\org.eclipse.justj.openjdk.hotspot.jre.full.win32.x86_64_15.0.2.v20210201-0955\jre\bin\jli.dll
0x00007ffa883f0000 - 0x00007ffa88409000 	D:\sts-4.10.0.RELEASE\plugins\org.eclipse.justj.openjdk.hotspot.jre.full.win32.x86_64_15.0.2.v20210201-0955\jre\bin\VCRUNTIME140.dll
0x00007ffa9bbf0000 - 0x00007ffa9bd90000 	C:\WINDOWS\System32\USER32.dll
0x00007ffa99cd0000 - 0x00007ffa99cf2000 	C:\WINDOWS\System32\win32u.dll
0x00007ffa893a0000 - 0x00007ffa8963b000 	C:\WINDOWS\WinSxS\amd64_microsoft.windows.common-controls_6595b64144ccf1df_6.0.19041.746_none_ca02b4b61b8320a4\COMCTL32.dll
0x00007ffa9b6a0000 - 0x00007ffa9b6ca000 	C:\WINDOWS\System32\GDI32.dll
0x00007ffa9ae00000 - 0x00007ffa9ae9e000 	C:\WINDOWS\System32\msvcrt.dll
0x00007ffa99e80000 - 0x00007ffa99f8b000 	C:\WINDOWS\System32\gdi32full.dll
0x00007ffa9a120000 - 0x00007ffa9a1bd000 	C:\WINDOWS\System32\msvcp_win.dll
0x00007ffa9b490000 - 0x00007ffa9b4c0000 	C:\WINDOWS\System32\IMM32.DLL
0x00007ffa94ad0000 - 0x00007ffa94adc000 	D:\sts-4.10.0.RELEASE\plugins\org.eclipse.justj.openjdk.hotspot.jre.full.win32.x86_64_15.0.2.v20210201-0955\jre\bin\vcruntime140_1.dll
0x00007ffa72270000 - 0x00007ffa72301000 	D:\sts-4.10.0.RELEASE\plugins\org.eclipse.justj.openjdk.hotspot.jre.full.win32.x86_64_15.0.2.v20210201-0955\jre\bin\msvcp140.dll
0x00007ffa644b0000 - 0x00007ffa6500e000 	D:\sts-4.10.0.RELEASE\plugins\org.eclipse.justj.openjdk.hotspot.jre.full.win32.x86_64_15.0.2.v20210201-0955\jre\bin\server\jvm.dll
0x00007ffa9b4c0000 - 0x00007ffa9b56c000 	C:\WINDOWS\System32\ADVAPI32.dll
0x00007ffa9bf20000 - 0x00007ffa9bfbc000 	C:\WINDOWS\System32\sechost.dll
0x00007ffa9b130000 - 0x00007ffa9b25b000 	C:\WINDOWS\System32\RPCRT4.dll
0x00007ffa9afa0000 - 0x00007ffa9afa8000 	C:\WINDOWS\System32\PSAPI.DLL
0x00007ffa8b590000 - 0x00007ffa8b5b7000 	C:\WINDOWS\SYSTEM32\WINMM.dll
0x00007ffa935b0000 - 0x00007ffa935ba000 	C:\WINDOWS\SYSTEM32\VERSION.dll
0x00007ffa885a0000 - 0x00007ffa885a9000 	C:\WINDOWS\SYSTEM32\WSOCK32.dll
0x00007ffa9c320000 - 0x00007ffa9c38b000 	C:\WINDOWS\System32\WS2_32.dll
0x00007ffa97c20000 - 0x00007ffa97c32000 	C:\WINDOWS\SYSTEM32\kernel.appcore.dll
0x00007ffa94120000 - 0x00007ffa9412a000 	D:\sts-4.10.0.RELEASE\plugins\org.eclipse.justj.openjdk.hotspot.jre.full.win32.x86_64_15.0.2.v20210201-0955\jre\bin\jimage.dll
0x00007ffa84e20000 - 0x00007ffa85004000 	C:\WINDOWS\SYSTEM32\DBGHELP.DLL
0x00007ffa84df0000 - 0x00007ffa84e1c000 	C:\WINDOWS\SYSTEM32\dbgcore.DLL
0x00007ffa99d00000 - 0x00007ffa99d80000 	C:\WINDOWS\System32\bcryptPrimitives.dll
0x00007ffa81780000 - 0x00007ffa817a5000 	D:\sts-4.10.0.RELEASE\plugins\org.eclipse.justj.openjdk.hotspot.jre.full.win32.x86_64_15.0.2.v20210201-0955\jre\bin\java.dll

dbghelp: loaded successfully - version: 4.0.5 - missing functions: none
symbol engine: initialized successfully - sym options: 0x614 - pdb path: .;D:\sts-4.10.0.RELEASE\plugins\org.eclipse.justj.openjdk.hotspot.jre.full.win32.x86_64_15.0.2.v20210201-0955\jre\bin;C:\WINDOWS\SYSTEM32;C:\WINDOWS\WinSxS\amd64_microsoft.windows.common-controls_6595b64144ccf1df_6.0.19041.746_none_ca02b4b61b8320a4;D:\sts-4.10.0.RELEASE\plugins\org.eclipse.justj.openjdk.hotspot.jre.full.win32.x86_64_15.0.2.v20210201-0955\jre\bin\server

VM Arguments:
jvm_args: -Dcom.sun.management.jmxremote -Dcom.sun.management.jmxremote.port=61604 -Dcom.sun.management.jmxremote.authenticate=false -Dcom.sun.management.jmxremote.ssl=false -Djava.rmi.server.hostname=localhost -Dspring.jmx.enabled=true -Dspring.application.admin.enabled=true -XX:TieredStopAtLevel=1 -Dspring.boot.project.name=dsvendas -Dfile.encoding=UTF-8 -XX:+ShowCodeDetailsInExceptionMessages 
java_command: com.devsuperior.dsvendas.DsvendasApplication --spring.output.ansi.enabled=always
java_class_path (initial): D:\workspaces\ws-devsuperior\projeto-sds3\backend\target\classes;C:\Users\Teodoro\.m2\repository\org\springframework\boot\spring-boot-starter-data-jpa\2.4.5\spring-boot-starter-data-jpa-2.4.5.jar;C:\Users\Teodoro\.m2\repository\org\springframework\boot\spring-boot-starter-aop\2.4.5\spring-boot-starter-aop-2.4.5.jar;C:\Users\Teodoro\.m2\repository\org\aspectj\aspectjweaver\1.9.6\aspectjweaver-1.9.6.jar;C:\Users\Teodoro\.m2\repository\org\springframework\boot\spring-boot-starter-jdbc\2.4.5\spring-boot-starter-jdbc-2.4.5.jar;C:\Users\Teodoro\.m2\repository\com\zaxxer\HikariCP\3.4.5\HikariCP-3.4.5.jar;C:\Users\Teodoro\.m2\repository\org\springframework\spring-jdbc\5.3.6\spring-jdbc-5.3.6.jar;C:\Users\Teodoro\.m2\repository\jakarta\transaction\jakarta.transaction-api\1.3.3\jakarta.transaction-api-1.3.3.jar;C:\Users\Teodoro\.m2\repository\jakarta\persistence\jakarta.persistence-api\2.2.3\jakarta.persistence-api-2.2.3.jar;C:\Users\Teodoro\.m2\repository\org\hibernate\hibernate-core\5.4.30.Final\hibernate-core-5.4.30.Final.jar;C:\Users\Teodoro\.m2\repository\org\jboss\logging\jboss-logging\3.4.1.Final\jboss-logging-3.4.1.Final.jar;C:\Users\Teodoro\.m2\repository\org\javassist\javassist\3.27.0-GA\javassist-3.27.0-GA.jar;C:\Users\Teodoro\.m2\repository\net\bytebuddy\byte-buddy\1.10.22\byte-buddy-1.10.22.jar;C:\Users\Teodoro\.m2\repository\antlr\antlr\2.7.7\antlr-2.7.7.jar;C:\Users\Teodoro\.m2\repository\org\jboss\jandex\2.2.3.Final\jandex-2.2.3.Final.jar;C:\Users\Teodoro\.m2\repository\com\fasterxml\classmate\1.5.1\classmate-1.5.1.jar;C:\Users\Teodoro\.m2\repository\org\dom4j\dom4j\2.1.3\dom4j-2.1.3.jar;C:\Users\Teodoro\.m2\repository\org\hibernate\common\hibernate-commons-annotations\5.1.2.Final\hibernate-commons-annotations-5.1.2.Final.jar;C:\Users\Teodoro\.m2\repository\org\glassfish\jaxb\jaxb-runtime\2.3.4\jaxb-runtime-2.3.4.jar;C:\Users\Teodoro\.m2\repository\org\glassfish\jaxb\txw2\2.3.4\txw2-2.3.4.jar;C:\Users\Teodoro\.m2\repository\com\sun
Launcher Type: SUN_STANDARD

[Global flags]
     intx CICompilerCount                          = 3                                         {product} {ergonomic}
     uint ConcGCThreads                            = 1                                         {product} {ergonomic}
     uint G1ConcRefinementThreads                  = 4                                         {product} {ergonomic}
   size_t G1HeapRegionSize                         = 1048576                                   {product} {ergonomic}
    uintx GCDrainStackTargetSize                   = 64                                        {product} {ergonomic}
   size_t InitialHeapSize                          = 130023424                                 {product} {ergonomic}
     bool ManagementServer                         = true                                      {product} {command line}
   size_t MarkStackSize                            = 4194304                                   {product} {ergonomic}
   size_t MaxHeapSize                              = 2069889024                                {product} {ergonomic}
   size_t MinHeapDeltaBytes                        = 1048576                                   {product} {ergonomic}
   size_t MinHeapSize                              = 8388608                                   {product} {ergonomic}
    uintx NonNMethodCodeHeapSize                   = 6973028                                {pd product} {ergonomic}
    uintx NonProfiledCodeHeapSize                  = 244685212                              {pd product} {ergonomic}
    uintx ProfiledCodeHeapSize                     = 0                                      {pd product} {ergonomic}
    uintx ReservedCodeCacheSize                    = 251658240                              {pd product} {ergonomic}
     bool SegmentedCodeCache                       = true                                      {product} {ergonomic}
     bool ShowCodeDetailsInExceptionMessages       = true                                   {manageable} {command line}
   size_t SoftMaxHeapSize                          = 2069889024                             {manageable} {ergonomic}
     intx TieredStopAtLevel                        = 1                                         {product} {command line}
     bool UseCompressedClassPointers               = true                                 {lp64_product} {ergonomic}
     bool UseCompressedOops                        = true                                 {lp64_product} {ergonomic}
     bool UseG1GC                                  = true                                      {product} {ergonomic}
     bool UseLargePagesIndividualAllocation        = false                                  {pd product} {ergonomic}

Logging:
Log output configuration:
 #0: stdout all=warning uptime,level,tags
 #1: stderr all=off uptime,level,tags

Environment Variables:
PATH=D:/sts-4.10.0.RELEASE//plugins/org.eclipse.justj.openjdk.hotspot.jre.full.win32.x86_64_15.0.2.v20210201-0955/jre/bin/server;D:/sts-4.10.0.RELEASE//plugins/org.eclipse.justj.openjdk.hotspot.jre.full.win32.x86_64_15.0.2.v20210201-0955/jre/bin;C:\ProgramData\Oracle\Java\javapath;C:\WINDOWS\system32;C:\WINDOWS;C:\WINDOWS\System32\Wbem;C:\WINDOWS\System32\WindowsPowerShell\v1.0\;C:\Program Files\Microsoft SQL Server\130\Tools\Binn\;C:\Program Files\dotnet\;C:\WINDOWS\System32\OpenSSH\;D:\Program Files\nodejs\;D:\Program Files\Git\cmd;C:\Users\Teodoro\AppData\Local\Microsoft\WindowsApps;D:\Microsoft VS Code\bin;D:\Program Files\heroku\bin;C:\Users\Teodoro\AppData\Roaming\npm;D:\sts-4.10.0.RELEASE;
USERNAME=Teodoro
OS=Windows_NT
PROCESSOR_IDENTIFIER=Intel64 Family 6 Model 78 Stepping 3, GenuineIntel



---------------  S Y S T E M  ---------------

OS:
 Windows 10 , 64 bit Build 19041 (10.0.19041.804)
OS uptime: 36 days 17:27 hours

CPU: total 4 (initial active 4) (2 cores per cpu, 2 threads per core) family 6 model 78 stepping 3 microcode 0xd6, cmov, cx8, fxsr, mmx, sse, sse2, sse3, ssse3, sse4.1, sse4.2, popcnt, vzeroupper, avx, avx2, aes, clmul, erms, 3dnowpref, lzcnt, ht, tsc, tscinvbit, bmi1, bmi2, adx, fma, clflush, clflushopt

Memory: 4k page, system-wide physical 7891M (867M free)
TotalPageFile size 32467M (AvailPageFile size 5M)
current process WorkingSet (physical memory assigned to process): 10M, peak: 10M
current process commit charge ("private bytes"): 173M, peak: 175M

vm_info: OpenJDK 64-Bit Server VM (15.0.2+7-27) for windows-amd64 JRE (15.0.2+7-27), built on Dec  7 2020 20:02:38 by "mach5one" with unknown MS VC++:1925

END.
